2023/10/26 08:01:58 [notice] 1#1: using the "epoll" event method
2023/10/26 08:01:58 [notice] 1#1: nginx/1.21.6
2023/10/26 08:01:58 [notice] 1#1: built by gcc 10.3.1 20211027 (Alpine 10.3.1_git20211027) 
2023/10/26 08:01:58 [notice] 1#1: OS: Linux 5.10.102.1-microsoft-standard-WSL2
2023/10/26 08:01:58 [notice] 1#1: getrlimit(RLIMIT_NOFILE): 1048576:1048576
2023/10/26 08:01:58 [notice] 1#1: start worker processes
2023/10/26 08:01:58 [notice] 1#1: start worker process 32
2023/10/26 08:01:58 [notice] 1#1: start worker process 33
2023/10/26 08:01:58 [notice] 1#1: start worker process 34
2023/10/26 08:01:58 [notice] 1#1: start worker process 35
2023/10/26 08:06:20 [notice] 1#1: signal 3 (SIGQUIT) received, shutting down
2023/10/26 08:06:20 [notice] 33#33: gracefully shutting down
2023/10/26 08:06:20 [notice] 33#33: exiting
2023/10/26 08:06:20 [notice] 33#33: exit
2023/10/26 08:06:20 [notice] 32#32: gracefully shutting down
2023/10/26 08:06:20 [notice] 32#32: exiting
2023/10/26 08:06:20 [notice] 32#32: exit
2023/10/26 08:06:20 [notice] 35#35: gracefully shutting down
2023/10/26 08:06:20 [notice] 34#34: gracefully shutting down
2023/10/26 08:06:20 [notice] 35#35: exiting
2023/10/26 08:06:20 [notice] 34#34: exiting
2023/10/26 08:06:20 [notice] 35#35: exit
2023/10/26 08:06:20 [notice] 34#34: exit
2023/10/26 08:06:20 [notice] 1#1: signal 17 (SIGCHLD) received from 34
2023/10/26 08:06:20 [notice] 1#1: worker process 33 exited with code 0
2023/10/26 08:06:20 [notice] 1#1: worker process 34 exited with code 0
2023/10/26 08:06:20 [notice] 1#1: signal 29 (SIGIO) received
2023/10/26 08:06:20 [notice] 1#1: signal 17 (SIGCHLD) received from 35
2023/10/26 08:06:20 [notice] 1#1: worker process 35 exited with code 0
2023/10/26 08:06:20 [notice] 1#1: signal 29 (SIGIO) received
2023/10/26 08:06:20 [notice] 1#1: signal 17 (SIGCHLD) received from 32
2023/10/26 08:06:20 [notice] 1#1: worker process 32 exited with code 0
2023/10/26 08:06:20 [notice] 1#1: exit
2023/10/26 08:10:23 [notice] 1#1: using the "epoll" event method
2023/10/26 08:10:23 [notice] 1#1: nginx/1.21.6
2023/10/26 08:10:23 [notice] 1#1: built by gcc 10.3.1 20211027 (Alpine 10.3.1_git20211027) 
2023/10/26 08:10:23 [notice] 1#1: OS: Linux 5.10.102.1-microsoft-standard-WSL2
2023/10/26 08:10:23 [notice] 1#1: getrlimit(RLIMIT_NOFILE): 1048576:1048576
2023/10/26 08:10:23 [notice] 1#1: start worker processes
2023/10/26 08:10:23 [notice] 1#1: start worker process 32
2023/10/26 08:10:23 [notice] 1#1: start worker process 33
2023/10/26 08:10:23 [notice] 1#1: start worker process 34
2023/10/26 08:10:23 [notice] 1#1: start worker process 35
2023/10/26 08:34:39 [notice] 1#1: signal 3 (SIGQUIT) received, shutting down
2023/10/26 08:34:39 [notice] 35#35: gracefully shutting down
2023/10/26 08:34:39 [notice] 33#33: gracefully shutting down
2023/10/26 08:34:39 [notice] 35#35: exiting
2023/10/26 08:34:39 [notice] 33#33: exiting
2023/10/26 08:34:39 [notice] 33#33: exit
2023/10/26 08:34:39 [notice] 35#35: exit
2023/10/26 08:34:39 [notice] 34#34: gracefully shutting down
2023/10/26 08:34:39 [notice] 34#34: exiting
2023/10/26 08:34:39 [notice] 34#34: exit
2023/10/26 08:34:39 [notice] 32#32: gracefully shutting down
2023/10/26 08:34:39 [notice] 32#32: exiting
2023/10/26 08:34:39 [notice] 32#32: exit
2023/10/26 08:34:39 [notice] 1#1: signal 17 (SIGCHLD) received from 33
2023/10/26 08:34:39 [notice] 1#1: worker process 33 exited with code 0
2023/10/26 08:34:39 [notice] 1#1: worker process 34 exited with code 0
2023/10/26 08:34:39 [notice] 1#1: worker process 35 exited with code 0
2023/10/26 08:34:39 [notice] 1#1: signal 29 (SIGIO) received
2023/10/26 08:34:39 [notice] 1#1: signal 17 (SIGCHLD) received from 32
2023/10/26 08:34:39 [notice] 1#1: worker process 32 exited with code 0
2023/10/26 08:34:39 [notice] 1#1: exit
2023/10/26 08:38:58 [notice] 1#1: using the "epoll" event method
2023/10/26 08:38:58 [notice] 1#1: nginx/1.21.6
2023/10/26 08:38:58 [notice] 1#1: built by gcc 10.3.1 20211027 (Alpine 10.3.1_git20211027) 
2023/10/26 08:38:58 [notice] 1#1: OS: Linux 5.10.102.1-microsoft-standard-WSL2
2023/10/26 08:38:58 [notice] 1#1: getrlimit(RLIMIT_NOFILE): 1048576:1048576
2023/10/26 08:38:58 [notice] 1#1: start worker processes
2023/10/26 08:38:58 [notice] 1#1: start worker process 32
2023/10/26 08:38:58 [notice] 1#1: start worker process 33
2023/10/26 08:38:58 [notice] 1#1: start worker process 34
2023/10/26 08:38:58 [notice] 1#1: start worker process 35
2023/10/26 08:42:50 [notice] 1#1: signal 3 (SIGQUIT) received, shutting down
2023/10/26 08:42:50 [notice] 33#33: gracefully shutting down
2023/10/26 08:42:50 [notice] 33#33: exiting
2023/10/26 08:42:50 [notice] 32#32: gracefully shutting down
2023/10/26 08:42:50 [notice] 32#32: exiting
2023/10/26 08:42:50 [notice] 32#32: exit
2023/10/26 08:42:50 [notice] 33#33: exit
2023/10/26 08:42:50 [notice] 35#35: gracefully shutting down
2023/10/26 08:42:50 [notice] 35#35: exiting
2023/10/26 08:42:50 [notice] 34#34: gracefully shutting down
2023/10/26 08:42:50 [notice] 34#34: exiting
2023/10/26 08:42:50 [notice] 35#35: exit
2023/10/26 08:42:50 [notice] 34#34: exit
2023/10/26 08:42:50 [notice] 1#1: signal 17 (SIGCHLD) received from 33
2023/10/26 08:42:50 [notice] 1#1: worker process 33 exited with code 0
2023/10/26 08:42:50 [notice] 1#1: worker process 35 exited with code 0
2023/10/26 08:42:50 [notice] 1#1: signal 29 (SIGIO) received
2023/10/26 08:42:50 [notice] 1#1: signal 17 (SIGCHLD) received from 35
2023/10/26 08:42:50 [notice] 1#1: signal 17 (SIGCHLD) received from 32
2023/10/26 08:42:50 [notice] 1#1: worker process 32 exited with code 0
2023/10/26 08:42:50 [notice] 1#1: worker process 34 exited with code 0
2023/10/26 08:42:50 [notice] 1#1: exit
2023/10/26 08:43:12 [notice] 1#1: using the "epoll" event method
2023/10/26 08:43:12 [notice] 1#1: nginx/1.21.6
2023/10/26 08:43:12 [notice] 1#1: built by gcc 10.3.1 20211027 (Alpine 10.3.1_git20211027) 
2023/10/26 08:43:12 [notice] 1#1: OS: Linux 5.10.102.1-microsoft-standard-WSL2
2023/10/26 08:43:12 [notice] 1#1: getrlimit(RLIMIT_NOFILE): 1048576:1048576
2023/10/26 08:43:12 [notice] 1#1: start worker processes
2023/10/26 08:43:12 [notice] 1#1: start worker process 23
2023/10/26 08:43:12 [notice] 1#1: start worker process 24
2023/10/26 08:43:12 [notice] 1#1: start worker process 25
2023/10/26 08:43:12 [notice] 1#1: start worker process 26
2023/10/26 09:11:29 [notice] 1#1: using the "epoll" event method
2023/10/26 09:11:29 [notice] 1#1: nginx/1.21.6
2023/10/26 09:11:29 [notice] 1#1: built by gcc 10.3.1 20211027 (Alpine 10.3.1_git20211027) 
2023/10/26 09:11:29 [notice] 1#1: OS: Linux 5.10.102.1-microsoft-standard-WSL2
2023/10/26 09:11:29 [notice] 1#1: getrlimit(RLIMIT_NOFILE): 1048576:1048576
2023/10/26 09:11:29 [notice] 1#1: start worker processes
2023/10/26 09:11:29 [notice] 1#1: start worker process 32
2023/10/26 09:11:29 [notice] 1#1: start worker process 33
2023/10/26 09:11:29 [notice] 1#1: start worker process 34
2023/10/26 09:11:29 [notice] 1#1: start worker process 35
2023/10/26 10:21:33 [notice] 1#1: signal 3 (SIGQUIT) received, shutting down
2023/10/26 10:21:33 [notice] 32#32: gracefully shutting down
2023/10/26 10:21:33 [notice] 34#34: gracefully shutting down
2023/10/26 10:21:33 [notice] 34#34: exiting
2023/10/26 10:21:33 [notice] 32#32: exiting
2023/10/26 10:21:33 [notice] 34#34: exit
2023/10/26 10:21:33 [notice] 32#32: exit
2023/10/26 10:21:33 [notice] 33#33: gracefully shutting down
2023/10/26 10:21:33 [notice] 33#33: exiting
2023/10/26 10:21:33 [notice] 33#33: exit
2023/10/26 10:21:33 [notice] 35#35: gracefully shutting down
2023/10/26 10:21:33 [notice] 35#35: exiting
2023/10/26 10:21:33 [notice] 35#35: exit
2023/10/26 10:21:33 [notice] 1#1: signal 17 (SIGCHLD) received from 34
2023/10/26 10:21:33 [notice] 1#1: worker process 33 exited with code 0
2023/10/26 10:21:33 [notice] 1#1: worker process 34 exited with code 0
2023/10/26 10:21:33 [notice] 1#1: signal 29 (SIGIO) received
2023/10/26 10:21:33 [notice] 1#1: signal 17 (SIGCHLD) received from 35
2023/10/26 10:21:33 [notice] 1#1: worker process 35 exited with code 0
2023/10/26 10:21:33 [notice] 1#1: signal 29 (SIGIO) received
2023/10/26 10:21:33 [notice] 1#1: signal 17 (SIGCHLD) received from 32
2023/10/26 10:21:33 [notice] 1#1: worker process 32 exited with code 0
2023/10/26 10:21:33 [notice] 1#1: exit
2023/10/26 10:21:42 [notice] 1#1: using the "epoll" event method
2023/10/26 10:21:42 [notice] 1#1: nginx/1.21.6
2023/10/26 10:21:42 [notice] 1#1: built by gcc 10.3.1 20211027 (Alpine 10.3.1_git20211027) 
2023/10/26 10:21:42 [notice] 1#1: OS: Linux 5.10.102.1-microsoft-standard-WSL2
2023/10/26 10:21:42 [notice] 1#1: getrlimit(RLIMIT_NOFILE): 1048576:1048576
2023/10/26 10:21:42 [notice] 1#1: start worker processes
2023/10/26 10:21:42 [notice] 1#1: start worker process 32
2023/10/26 10:21:42 [notice] 1#1: start worker process 33
2023/10/26 10:21:42 [notice] 1#1: start worker process 34
2023/10/26 10:21:42 [notice] 1#1: start worker process 35
2023/10/26 10:25:40 [error] 33#33: *2 open() "/usr/share/nginx/html/favicon.ico" failed (2: No such file or directory), client: 172.31.0.1, server: localhost, request: "GET /favicon.ico HTTP/1.1", host: "127.0.0.1:8000", referrer: "http://127.0.0.1:8000/"
2023/10/26 10:28:33 [notice] 1#1: signal 3 (SIGQUIT) received, shutting down
2023/10/26 10:28:33 [notice] 33#33: gracefully shutting down
2023/10/26 10:28:33 [notice] 34#34: gracefully shutting down
2023/10/26 10:28:33 [notice] 33#33: exiting
2023/10/26 10:28:33 [notice] 34#34: exiting
2023/10/26 10:28:33 [notice] 33#33: exit
2023/10/26 10:28:33 [notice] 34#34: exit
2023/10/26 10:28:33 [notice] 32#32: gracefully shutting down
2023/10/26 10:28:33 [notice] 32#32: exiting
2023/10/26 10:28:33 [notice] 32#32: exit
2023/10/26 10:28:33 [notice] 35#35: gracefully shutting down
2023/10/26 10:28:33 [notice] 35#35: exiting
2023/10/26 10:28:33 [notice] 35#35: exit
2023/10/26 10:28:33 [notice] 1#1: signal 17 (SIGCHLD) received from 34
2023/10/26 10:28:33 [notice] 1#1: worker process 32 exited with code 0
2023/10/26 10:28:33 [notice] 1#1: worker process 34 exited with code 0
2023/10/26 10:28:33 [notice] 1#1: signal 29 (SIGIO) received
2023/10/26 10:28:33 [notice] 1#1: signal 17 (SIGCHLD) received from 35
2023/10/26 10:28:33 [notice] 1#1: worker process 35 exited with code 0
2023/10/26 10:28:33 [notice] 1#1: signal 17 (SIGCHLD) received from 33
2023/10/26 10:28:33 [notice] 1#1: worker process 33 exited with code 0
2023/10/26 10:28:33 [notice] 1#1: exit
2023/10/26 10:28:42 [notice] 1#1: using the "epoll" event method
2023/10/26 10:28:42 [notice] 1#1: nginx/1.21.6
2023/10/26 10:28:42 [notice] 1#1: built by gcc 10.3.1 20211027 (Alpine 10.3.1_git20211027) 
2023/10/26 10:28:42 [notice] 1#1: OS: Linux 5.10.102.1-microsoft-standard-WSL2
2023/10/26 10:28:42 [notice] 1#1: getrlimit(RLIMIT_NOFILE): 1048576:1048576
2023/10/26 10:28:42 [notice] 1#1: start worker processes
2023/10/26 10:28:42 [notice] 1#1: start worker process 32
2023/10/26 10:28:42 [notice] 1#1: start worker process 33
2023/10/26 10:28:42 [notice] 1#1: start worker process 34
2023/10/26 10:28:42 [notice] 1#1: start worker process 35
2023/10/26 10:30:37 [notice] 1#1: signal 3 (SIGQUIT) received, shutting down
2023/10/26 10:30:37 [notice] 32#32: gracefully shutting down
2023/10/26 10:30:37 [notice] 32#32: exiting
2023/10/26 10:30:37 [notice] 32#32: exit
2023/10/26 10:30:37 [notice] 33#33: gracefully shutting down
2023/10/26 10:30:37 [notice] 33#33: exiting
2023/10/26 10:30:37 [notice] 33#33: exit
2023/10/26 10:30:37 [notice] 34#34: gracefully shutting down
2023/10/26 10:30:37 [notice] 34#34: exiting
2023/10/26 10:30:37 [notice] 34#34: exit
2023/10/26 10:30:37 [notice] 35#35: gracefully shutting down
2023/10/26 10:30:37 [notice] 35#35: exiting
2023/10/26 10:30:37 [notice] 35#35: exit
2023/10/26 10:30:37 [notice] 1#1: signal 17 (SIGCHLD) received from 35
2023/10/26 10:30:37 [notice] 1#1: worker process 35 exited with code 0
2023/10/26 10:30:37 [notice] 1#1: signal 29 (SIGIO) received
2023/10/26 10:30:37 [notice] 1#1: signal 17 (SIGCHLD) received from 34
2023/10/26 10:30:37 [notice] 1#1: worker process 34 exited with code 0
2023/10/26 10:30:37 [notice] 1#1: signal 29 (SIGIO) received
2023/10/26 10:30:37 [notice] 1#1: signal 17 (SIGCHLD) received from 33
2023/10/26 10:30:37 [notice] 1#1: worker process 33 exited with code 0
2023/10/26 10:30:37 [notice] 1#1: signal 29 (SIGIO) received
2023/10/26 10:30:37 [notice] 1#1: signal 17 (SIGCHLD) received from 32
2023/10/26 10:30:37 [notice] 1#1: worker process 32 exited with code 0
2023/10/26 10:30:37 [notice] 1#1: exit
2023/10/26 10:30:50 [notice] 1#1: using the "epoll" event method
2023/10/26 10:30:50 [notice] 1#1: nginx/1.21.6
2023/10/26 10:30:50 [notice] 1#1: built by gcc 10.3.1 20211027 (Alpine 10.3.1_git20211027) 
2023/10/26 10:30:50 [notice] 1#1: OS: Linux 5.10.102.1-microsoft-standard-WSL2
2023/10/26 10:30:50 [notice] 1#1: getrlimit(RLIMIT_NOFILE): 1048576:1048576
2023/10/26 10:30:50 [notice] 1#1: start worker processes
2023/10/26 10:30:50 [notice] 1#1: start worker process 32
2023/10/26 10:30:50 [notice] 1#1: start worker process 33
2023/10/26 10:30:50 [notice] 1#1: start worker process 34
2023/10/26 10:30:50 [notice] 1#1: start worker process 35
2023/10/26 10:37:59 [notice] 1#1: signal 3 (SIGQUIT) received, shutting down
2023/10/26 10:37:59 [notice] 32#32: gracefully shutting down
2023/10/26 10:37:59 [notice] 33#33: gracefully shutting down
2023/10/26 10:37:59 [notice] 33#33: exiting
2023/10/26 10:37:59 [notice] 32#32: exiting
2023/10/26 10:37:59 [notice] 33#33: exit
2023/10/26 10:37:59 [notice] 32#32: exit
2023/10/26 10:37:59 [notice] 34#34: gracefully shutting down
2023/10/26 10:37:59 [notice] 34#34: exiting
2023/10/26 10:37:59 [notice] 34#34: exit
2023/10/26 10:37:59 [notice] 35#35: gracefully shutting down
2023/10/26 10:37:59 [notice] 35#35: exiting
2023/10/26 10:37:59 [notice] 35#35: exit
2023/10/26 10:37:59 [notice] 1#1: signal 17 (SIGCHLD) received from 34
2023/10/26 10:37:59 [notice] 1#1: worker process 34 exited with code 0
2023/10/26 10:37:59 [notice] 1#1: signal 29 (SIGIO) received
2023/10/26 10:37:59 [notice] 1#1: signal 17 (SIGCHLD) received from 35
2023/10/26 10:37:59 [notice] 1#1: worker process 35 exited with code 0
2023/10/26 10:37:59 [notice] 1#1: signal 29 (SIGIO) received
2023/10/26 10:37:59 [notice] 1#1: signal 17 (SIGCHLD) received from 33
2023/10/26 10:37:59 [notice] 1#1: worker process 33 exited with code 0
2023/10/26 10:37:59 [notice] 1#1: signal 29 (SIGIO) received
2023/10/26 10:37:59 [notice] 1#1: signal 17 (SIGCHLD) received from 32
2023/10/26 10:37:59 [notice] 1#1: worker process 32 exited with code 0
2023/10/26 10:37:59 [notice] 1#1: exit
2023/10/26 10:38:11 [notice] 1#1: using the "epoll" event method
2023/10/26 10:38:11 [notice] 1#1: nginx/1.21.6
2023/10/26 10:38:11 [notice] 1#1: built by gcc 10.3.1 20211027 (Alpine 10.3.1_git20211027) 
2023/10/26 10:38:11 [notice] 1#1: OS: Linux 5.10.102.1-microsoft-standard-WSL2
2023/10/26 10:38:11 [notice] 1#1: getrlimit(RLIMIT_NOFILE): 1048576:1048576
2023/10/26 10:38:11 [notice] 1#1: start worker processes
2023/10/26 10:38:11 [notice] 1#1: start worker process 31
2023/10/26 10:38:11 [notice] 1#1: start worker process 32
2023/10/26 10:38:11 [notice] 1#1: start worker process 33
2023/10/26 10:38:11 [notice] 1#1: start worker process 34
2023/10/26 10:39:37 [notice] 1#1: signal 3 (SIGQUIT) received, shutting down
2023/10/26 10:39:37 [notice] 34#34: gracefully shutting down
2023/10/26 10:39:37 [notice] 34#34: exiting
2023/10/26 10:39:37 [notice] 34#34: exit
2023/10/26 10:39:37 [notice] 31#31: gracefully shutting down
2023/10/26 10:39:37 [notice] 31#31: exiting
2023/10/26 10:39:37 [notice] 31#31: exit
2023/10/26 10:39:37 [notice] 32#32: gracefully shutting down
2023/10/26 10:39:37 [notice] 33#33: gracefully shutting down
2023/10/26 10:39:37 [notice] 32#32: exiting
2023/10/26 10:39:37 [notice] 33#33: exiting
2023/10/26 10:39:37 [notice] 32#32: exit
2023/10/26 10:39:37 [notice] 33#33: exit
2023/10/26 10:39:37 [notice] 1#1: signal 17 (SIGCHLD) received from 34
2023/10/26 10:39:37 [notice] 1#1: worker process 33 exited with code 0
2023/10/26 10:39:37 [notice] 1#1: worker process 34 exited with code 0
2023/10/26 10:39:37 [notice] 1#1: signal 29 (SIGIO) received
2023/10/26 10:39:37 [notice] 1#1: signal 17 (SIGCHLD) received from 32
2023/10/26 10:39:37 [notice] 1#1: worker process 32 exited with code 0
2023/10/26 10:39:37 [notice] 1#1: signal 29 (SIGIO) received
2023/10/26 10:39:37 [notice] 1#1: signal 17 (SIGCHLD) received from 31
2023/10/26 10:39:37 [notice] 1#1: worker process 31 exited with code 0
2023/10/26 10:39:37 [notice] 1#1: exit
2023/10/26 10:39:44 [notice] 1#1: using the "epoll" event method
2023/10/26 10:39:44 [notice] 1#1: nginx/1.21.6
2023/10/26 10:39:44 [notice] 1#1: built by gcc 10.3.1 20211027 (Alpine 10.3.1_git20211027) 
2023/10/26 10:39:44 [notice] 1#1: OS: Linux 5.10.102.1-microsoft-standard-WSL2
2023/10/26 10:39:44 [notice] 1#1: getrlimit(RLIMIT_NOFILE): 1048576:1048576
2023/10/26 10:39:44 [notice] 1#1: start worker processes
2023/10/26 10:39:44 [notice] 1#1: start worker process 32
2023/10/26 10:39:44 [notice] 1#1: start worker process 33
2023/10/26 10:39:44 [notice] 1#1: start worker process 34
2023/10/26 10:39:44 [notice] 1#1: start worker process 35
2023/10/26 10:43:32 [error] 33#33: *1 open() "/usr/share/nginx/html/favicon.ico" failed (2: No such file or directory), client: 192.168.48.1, server: localhost, request: "GET /favicon.ico HTTP/1.1", host: "127.0.0.1:8000"
2023/10/26 10:47:35 [notice] 1#1: signal 3 (SIGQUIT) received, shutting down
2023/10/26 10:47:35 [notice] 32#32: gracefully shutting down
2023/10/26 10:47:35 [notice] 35#35: gracefully shutting down
2023/10/26 10:47:35 [notice] 34#34: gracefully shutting down
2023/10/26 10:47:35 [notice] 32#32: exiting
2023/10/26 10:47:35 [notice] 35#35: exiting
2023/10/26 10:47:35 [notice] 34#34: exiting
2023/10/26 10:47:35 [notice] 32#32: exit
2023/10/26 10:47:35 [notice] 34#34: exit
2023/10/26 10:47:35 [notice] 35#35: exit
2023/10/26 10:47:35 [notice] 33#33: gracefully shutting down
2023/10/26 10:47:35 [notice] 33#33: exiting
2023/10/26 10:47:35 [notice] 33#33: exit
2023/10/26 10:47:35 [notice] 1#1: signal 17 (SIGCHLD) received from 34
2023/10/26 10:47:35 [notice] 1#1: worker process 34 exited with code 0
2023/10/26 10:47:35 [notice] 1#1: signal 29 (SIGIO) received
2023/10/26 10:47:35 [notice] 1#1: signal 17 (SIGCHLD) received from 35
2023/10/26 10:47:35 [notice] 1#1: worker process 35 exited with code 0
2023/10/26 10:47:35 [notice] 1#1: signal 29 (SIGIO) received
2023/10/26 10:47:35 [notice] 1#1: signal 17 (SIGCHLD) received from 32
2023/10/26 10:47:35 [notice] 1#1: worker process 32 exited with code 0
2023/10/26 10:47:35 [notice] 1#1: worker process 33 exited with code 0
2023/10/26 10:47:35 [notice] 1#1: exit
2023/10/26 10:47:45 [notice] 1#1: using the "epoll" event method
2023/10/26 10:47:45 [notice] 1#1: nginx/1.21.6
2023/10/26 10:47:45 [notice] 1#1: built by gcc 10.3.1 20211027 (Alpine 10.3.1_git20211027) 
2023/10/26 10:47:45 [notice] 1#1: OS: Linux 5.10.102.1-microsoft-standard-WSL2
2023/10/26 10:47:45 [notice] 1#1: getrlimit(RLIMIT_NOFILE): 1048576:1048576
2023/10/26 10:47:45 [notice] 1#1: start worker processes
2023/10/26 10:47:45 [notice] 1#1: start worker process 31
2023/10/26 10:47:45 [notice] 1#1: start worker process 32
2023/10/26 10:47:45 [notice] 1#1: start worker process 33
2023/10/26 10:47:45 [notice] 1#1: start worker process 34
